<?xml version="1.0" encoding="UTF-8"?>
<!-- Generated by org.testng.reporters.JUnitXMLReporter -->
<testsuite hostname="E1269F1L" name="Data-providers" tests="4" failures="0" timestamp="23 Sep 2016 13:10:38 GMT" time="35.159" errors="0">
  <testcase name="LogIn_Test" time="5.464" classname="DataProviders.Sample_Login_DP"/>
  <testcase name="LogIn_Test" time="6.452" classname="DataProviders.Sample_Login_DP"/>
  <testcase name="LogIn_Test" time="6.659" classname="DataProviders.Sample_Login_DP"/>
  <testcase name="LogIn_Test" time="6.413" classname="DataProviders.Sample_Login_DP"/>
</testsuite> <!-- Data-providers -->
