<?xml version="1.0" encoding="UTF-8"?>
<!-- Generated by org.testng.reporters.JUnitXMLReporter -->
<testsuite hostname="E1269F1L" name="sampleTest" tests="3" failures="0" timestamp="26 Dec 2016 19:19:42 GMT" time="0.033" errors="0">
  <testcase name="login" time="0.011" classname="com.javang.Dependency_methods"/>
  <testcase name="AccessPage" time="0.002" classname="com.javang.Dependency_methods"/>
  <testcase name="Logout" time="0.002" classname="com.javang.Dependency_methods"/>
</testsuite> <!-- sampleTest -->
