<?xml version="1.0" encoding="UTF-8"?>
<!-- Generated by org.testng.reporters.JUnitXMLReporter -->
<testsuite hostname="E1269F1L" name="Test One" tests="4" failures="0" timestamp="23 Sep 2016 12:16:42 GMT" time="6.981" errors="0">
  <testcase name="testmethodone" time="6.039" classname="Webdriver_TestNG_Dup.ClassOne"/>
  <testcase name="testmethodone" time="6.929" classname="Webdriver_TestNG.ClassOne"/>
  <testcase name="testmethodone" time="6.958" classname="Webdriver_TestNG_Dup.ClassTwo"/>
  <testcase name="testmethodone" time="6.963" classname="Webdriver_TestNG.ClassTwo"/>
</testsuite> <!-- Test One -->
